<?xml version="1.0" encoding="UTF-8"?>
<coverage generated="1702453149832" clover="3.2.0">
  <project timestamp="1702453149832" name="All files">
    <metrics statements="25" coveredstatements="25" conditionals="15" coveredconditionals="15" methods="2" coveredmethods="2" elements="42" coveredelements="42" complexity="0" loc="25" ncloc="25" packages="2" files="2" classes="2"/>
    <package name="easy.1582">
      <metrics statements="15" coveredstatements="15" conditionals="7" coveredconditionals="7" methods="1" coveredmethods="1"/>
      <file name="easy.1582.ts" path="C:\Users\jpmat\programming\repositories\competitive-programming\leetcoding\easy-problems\easy.1582\easy.1582.ts">
        <metrics statements="15" coveredstatements="15" conditionals="7" coveredconditionals="7" methods="1" coveredmethods="1"/>
        <line num="32" count="1" type="stmt"/>
        <line num="34" count="4" type="stmt"/>
        <line num="35" count="4" type="stmt"/>
        <line num="36" count="4" type="stmt"/>
        <line num="37" count="14" type="stmt"/>
        <line num="38" count="50" type="cond" truecount="2" falsecount="0"/>
        <line num="39" count="26" type="stmt"/>
        <line num="40" count="26" type="stmt"/>
        <line num="44" count="4" type="stmt"/>
        <line num="45" count="4" type="stmt"/>
        <line num="46" count="14" type="stmt"/>
        <line num="47" count="50" type="cond" truecount="5" falsecount="0"/>
        <line num="48" count="6" type="stmt"/>
        <line num="52" count="4" type="stmt"/>
        <line num="54" count="1" type="stmt"/>
      </file>
    </package>
    <package name="easy.941">
      <metrics statements="10" coveredstatements="10" conditionals="8" coveredconditionals="8" methods="1" coveredmethods="1"/>
      <file name="easy.941.ts" path="C:\Users\jpmat\programming\repositories\competitive-programming\leetcoding\easy-problems\easy.941\easy.941.ts">
        <metrics statements="10" coveredstatements="10" conditionals="8" coveredconditionals="8" methods="1" coveredmethods="1"/>
        <line num="35" count="1" type="stmt"/>
        <line num="37" count="5" type="stmt"/>
        <line num="38" count="5" type="cond" truecount="2" falsecount="0"/>
        <line num="39" count="6" type="stmt"/>
        <line num="41" count="5" type="cond" truecount="4" falsecount="0"/>
        <line num="42" count="2" type="stmt"/>
        <line num="44" count="3" type="cond" truecount="2" falsecount="0"/>
        <line num="45" count="5" type="stmt"/>
        <line num="47" count="3" type="stmt"/>
        <line num="49" count="1" type="stmt"/>
      </file>
    </package>
  </project>
</coverage>
