{"/home/dmlt/repositories/competitive-programming/leetcoding/easy-problems/easy.941/easy.941.ts": {"path":"/home/dmlt/repositories/competitive-programming/leetcoding/easy-problems/easy.941/easy.941.ts","statementMap":{"0":{"start":{"line":35,"column":0},"end":{"line":35,"column":62}},"1":{"start":{"line":37,"column":12},"end":{"line":37,"column":13}},"2":{"start":{"line":38,"column":4},"end":{"line":40,"column":5}},"3":{"start":{"line":39,"column":8},"end":{"line":39,"column":12}},"4":{"start":{"line":41,"column":4},"end":{"line":43,"column":5}},"5":{"start":{"line":42,"column":8},"end":{"line":42,"column":21}},"6":{"start":{"line":44,"column":4},"end":{"line":46,"column":5}},"7":{"start":{"line":45,"column":8},"end":{"line":45,"column":12}},"8":{"start":{"line":47,"column":4},"end":{"line":47,"column":31}},"9":{"start":{"line":49,"column":0},"end":{"line":49,"column":37}}},"fnMap":{"0":{"name":"validMountainArray","decl":{"start":{"line":36,"column":9},"end":{"line":36,"column":27}},"loc":{"start":{"line":36,"column":33},"end":{"line":48,"column":1}},"line":36}},"branchMap":{"0":{"loc":{"start":{"line":38,"column":11},"end":{"line":38,"column":52}},"type":"binary-expr","locations":[{"start":{"line":38,"column":11},"end":{"line":38,"column":29}},{"start":{"line":38,"column":33},"end":{"line":38,"column":52}}],"line":38},"1":{"loc":{"start":{"line":41,"column":4},"end":{"line":43,"column":5}},"type":"if","locations":[{"start":{"line":41,"column":4},"end":{"line":43,"column":5}},{"start":{},"end":{}}],"line":41},"2":{"loc":{"start":{"line":41,"column":8},"end":{"line":41,"column":39}},"type":"binary-expr","locations":[{"start":{"line":41,"column":8},"end":{"line":41,"column":15}},{"start":{"line":41,"column":19},"end":{"line":41,"column":39}}],"line":41},"3":{"loc":{"start":{"line":44,"column":11},"end":{"line":44,"column":52}},"type":"binary-expr","locations":[{"start":{"line":44,"column":11},"end":{"line":44,"column":29}},{"start":{"line":44,"column":33},"end":{"line":44,"column":52}}],"line":44}},"s":{"0":1,"1":4,"2":4,"3":6,"4":4,"5":1,"6":3,"7":5,"8":3,"9":1},"f":{"0":4},"b":{"0":[10,10],"1":[1,3],"2":[4,3],"3":[8,6]},"_coverageSchema":"1a1c01bbd47fc00a2c39e90264f33305004495a9","hash":"f21a1c22fbd64ef491f5b48c44b72f0b1c67fe77"}
}
