{"C:\\Users\\jpmat\\programming\\repositories\\competitive-programming\\leetcoding\\easy-problems\\easy.1582\\easy.1582.ts": {"path":"C:\\Users\\jpmat\\programming\\repositories\\competitive-programming\\leetcoding\\easy-problems\\easy.1582\\easy.1582.ts","statementMap":{"0":{"start":{"line":32,"column":0},"end":{"line":32,"column":62}},"1":{"start":{"line":34,"column":14},"end":{"line":34,"column":43}},"2":{"start":{"line":35,"column":14},"end":{"line":35,"column":46}},"3":{"start":{"line":36,"column":4},"end":{"line":43,"column":5}},"4":{"start":{"line":36,"column":17},"end":{"line":36,"column":18}},"5":{"start":{"line":37,"column":8},"end":{"line":42,"column":9}},"6":{"start":{"line":37,"column":21},"end":{"line":37,"column":22}},"7":{"start":{"line":38,"column":12},"end":{"line":41,"column":13}},"8":{"start":{"line":39,"column":16},"end":{"line":39,"column":25}},"9":{"start":{"line":40,"column":16},"end":{"line":40,"column":25}},"10":{"start":{"line":44,"column":16},"end":{"line":44,"column":17}},"11":{"start":{"line":45,"column":4},"end":{"line":51,"column":5}},"12":{"start":{"line":45,"column":17},"end":{"line":45,"column":18}},"13":{"start":{"line":46,"column":8},"end":{"line":50,"column":9}},"14":{"start":{"line":46,"column":21},"end":{"line":46,"column":22}},"15":{"start":{"line":47,"column":12},"end":{"line":49,"column":13}},"16":{"start":{"line":48,"column":16},"end":{"line":48,"column":24}},"17":{"start":{"line":52,"column":4},"end":{"line":52,"column":17}},"18":{"start":{"line":54,"column":0},"end":{"line":54,"column":29}}},"fnMap":{"0":{"name":"numSpecial","decl":{"start":{"line":33,"column":9},"end":{"line":33,"column":19}},"loc":{"start":{"line":33,"column":25},"end":{"line":53,"column":1}},"line":33}},"branchMap":{"0":{"loc":{"start":{"line":38,"column":12},"end":{"line":41,"column":13}},"type":"if","locations":[{"start":{"line":38,"column":12},"end":{"line":41,"column":13}},{"start":{},"end":{}}],"line":38},"1":{"loc":{"start":{"line":47,"column":12},"end":{"line":49,"column":13}},"type":"if","locations":[{"start":{"line":47,"column":12},"end":{"line":49,"column":13}},{"start":{},"end":{}}],"line":47},"2":{"loc":{"start":{"line":47,"column":16},"end":{"line":47,"column":63}},"type":"binary-expr","locations":[{"start":{"line":47,"column":16},"end":{"line":47,"column":31}},{"start":{"line":47,"column":35},"end":{"line":47,"column":47}},{"start":{"line":47,"column":51},"end":{"line":47,"column":63}}],"line":47}},"s":{"0":1,"1":4,"2":4,"3":4,"4":4,"5":14,"6":14,"7":50,"8":26,"9":26,"10":4,"11":4,"12":4,"13":14,"14":14,"15":50,"16":6,"17":4,"18":1},"f":{"0":4},"b":{"0":[26,24],"1":[6,44],"2":[50,26,8]},"_coverageSchema":"1a1c01bbd47fc00a2c39e90264f33305004495a9","hash":"91f21746d75bb3e40543be4edf917848bfc8a1b0"}
,"C:\\Users\\jpmat\\programming\\repositories\\competitive-programming\\leetcoding\\easy-problems\\easy.941\\easy.941.ts": {"path":"C:\\Users\\jpmat\\programming\\repositories\\competitive-programming\\leetcoding\\easy-problems\\easy.941\\easy.941.ts","statementMap":{"0":{"start":{"line":35,"column":0},"end":{"line":35,"column":62}},"1":{"start":{"line":37,"column":12},"end":{"line":37,"column":13}},"2":{"start":{"line":38,"column":4},"end":{"line":40,"column":5}},"3":{"start":{"line":39,"column":8},"end":{"line":39,"column":12}},"4":{"start":{"line":41,"column":4},"end":{"line":43,"column":5}},"5":{"start":{"line":42,"column":8},"end":{"line":42,"column":21}},"6":{"start":{"line":44,"column":4},"end":{"line":46,"column":5}},"7":{"start":{"line":45,"column":8},"end":{"line":45,"column":12}},"8":{"start":{"line":47,"column":4},"end":{"line":47,"column":32}},"9":{"start":{"line":49,"column":0},"end":{"line":49,"column":37}}},"fnMap":{"0":{"name":"validMountainArray","decl":{"start":{"line":36,"column":9},"end":{"line":36,"column":27}},"loc":{"start":{"line":36,"column":33},"end":{"line":48,"column":1}},"line":36}},"branchMap":{"0":{"loc":{"start":{"line":38,"column":11},"end":{"line":38,"column":52}},"type":"binary-expr","locations":[{"start":{"line":38,"column":11},"end":{"line":38,"column":29}},{"start":{"line":38,"column":33},"end":{"line":38,"column":52}}],"line":38},"1":{"loc":{"start":{"line":41,"column":4},"end":{"line":43,"column":5}},"type":"if","locations":[{"start":{"line":41,"column":4},"end":{"line":43,"column":5}},{"start":{},"end":{}}],"line":41},"2":{"loc":{"start":{"line":41,"column":8},"end":{"line":41,"column":39}},"type":"binary-expr","locations":[{"start":{"line":41,"column":8},"end":{"line":41,"column":15}},{"start":{"line":41,"column":19},"end":{"line":41,"column":39}}],"line":41},"3":{"loc":{"start":{"line":44,"column":11},"end":{"line":44,"column":52}},"type":"binary-expr","locations":[{"start":{"line":44,"column":11},"end":{"line":44,"column":29}},{"start":{"line":44,"column":33},"end":{"line":44,"column":52}}],"line":44}},"s":{"0":1,"1":5,"2":5,"3":6,"4":5,"5":2,"6":3,"7":5,"8":3,"9":1},"f":{"0":5},"b":{"0":[11,10],"1":[2,3],"2":[5,3],"3":[8,6]},"_coverageSchema":"1a1c01bbd47fc00a2c39e90264f33305004495a9","hash":"b9e05842129b72476c9ccd01d41edb348d18e0f1"}
}
