TN:
SF:leetcoding\easy-problems\easy.1582\easy.1582.ts
FN:33,numSpecial
FNF:1
FNH:1
FNDA:4,numSpecial
DA:32,1
DA:34,4
DA:35,4
DA:36,4
DA:37,14
DA:38,50
DA:39,26
DA:40,26
DA:44,4
DA:45,4
DA:46,14
DA:47,50
DA:48,6
DA:52,4
DA:54,1
LF:15
LH:15
BRDA:38,0,0,26
BRDA:38,0,1,24
BRDA:47,1,0,6
BRDA:47,1,1,44
BRDA:47,2,0,50
BRDA:47,2,1,26
BRDA:47,2,2,8
BRF:7
BRH:7
end_of_record
TN:
SF:leetcoding\easy-problems\easy.941\easy.941.ts
FN:36,validMountainArray
FNF:1
FNH:1
FNDA:5,validMountainArray
DA:35,1
DA:37,5
DA:38,5
DA:39,6
DA:41,5
DA:42,2
DA:44,3
DA:45,5
DA:47,3
DA:49,1
LF:10
LH:10
BRDA:38,0,0,11
BRDA:38,0,1,10
BRDA:41,1,0,2
BRDA:41,1,1,3
BRDA:41,2,0,5
BRDA:41,2,1,3
BRDA:44,3,0,8
BRDA:44,3,1,6
BRF:8
BRH:8
end_of_record
